<?xml version="1.0" encoding="UTF-8"?>
<!-- Generated by org.testng.reporters.JUnitReportReporter -->
<testsuite skipped="0" hostname="USL-L-SrinivasK" name="tests.TestExample1" tests="3" failures="0" timestamp="6 Mar 2021 11:38:14 GMT" time="6.380" errors="0">
  <testcase name="validate_statuscode" time="0.900" classname="tests.TestExample1"/>
  <testcase name="test" time="3.370" classname="tests.TestExample1"/>
  <testcase name="validate_jsonbody" time="2.110" classname="tests.TestExample1"/>
</testsuite> <!-- tests.TestExample1 -->
