<?xml version="1.0" encoding="UTF-8"?>
<!-- Generated by org.testng.reporters.JUnitReportReporter -->
<testsuite skipped="0" hostname="USL-L-SrinivasK" name="tests.GetPostExamples" tests="1" failures="0" timestamp="7 Mar 2021 06:52:43 GMT" time="2.929" errors="0">
  <testcase name="postJsonTest" time="2.929" classname="tests.GetPostExamples"/>
</testsuite> <!-- tests.GetPostExamples -->
